#
# There is insufficient memory for the Java Runtime Environment to continue.
# Native memory allocation (mmap) failed to map 132120576 bytes for G1 virtual space
# Possible reasons:
#   The system is out of physical RAM or swap space
#   The process is running with CompressedOops enabled, and the Java Heap may be blocking the growth of the native heap
# Possible solutions:
#   Reduce memory load on the system
#   Increase physical memory or swap space
#   Check if swap backing store is full
#   Decrease Java heap size (-Xmx/-Xms)
#   Decrease number of Java threads
#   Decrease Java thread stack sizes (-Xss)
#   Set larger code cache with -XX:ReservedCodeCacheSize=
#   JVM is running with Unscaled Compressed Oops mode in which the Java heap is
#     placed in the first 4GB address space. The Java Heap base address is the
#     maximum limit for the native heap growth. Please use -XX:HeapBaseMinAddress
#     to set the Java Heap base and to place the Java Heap above 4GB virtual address.
# This output file may be truncated or incomplete.
#
#  Out of Memory Error (os_windows.cpp:3466), pid=15640, tid=12684
#
# JRE version:  (16.0.2+7) (build )
# Java VM: OpenJDK 64-Bit Server VM (16.0.2+7, mixed mode, sharing, tiered, compressed oops, compressed class ptrs, g1 gc, windows-amd64)
# No core dump will be written. Minidumps are not enabled by default on client versions of Windows
#

---------------  S U M M A R Y ------------

Command Line: -javaagent:C:\Program Files\JetBrains\IntelliJ IDEA Community Edition 2022.1.1\lib\idea_rt.jar=58100:C:\Program Files\JetBrains\IntelliJ IDEA Community Edition 2022.1.1\bin -Dfile.encoding=UTF-8 CalculadoraSomaKt

Host: Intel(R) Core(TM) i5-8250U CPU @ 1.60GHz, 8 cores, 7G,  Windows 10 , 64 bit Build 19041 (10.0.19041.1645)
Time: Thu May 19 10:43:55 2022 Hora oficial do Brasil elapsed time: 0.017773 seconds (0d 0h 0m 0s)

---------------  T H R E A D  ---------------

Current thread (0x000001e719da88b0):  JavaThread "Unknown thread" [_thread_in_vm, id=12684, stack(0x0000003b13700000,0x0000003b13800000)]

Stack: [0x0000003b13700000,0x0000003b13800000]
Native frames: (J=compiled Java code, j=interpreted, Vv=VM code, C=native code)
V  [jvm.dll+0x647e0a]
V  [jvm.dll+0x7f0549]
V  [jvm.dll+0x7f1cfe]
V  [jvm.dll+0x7f2343]
V  [jvm.dll+0x23dd88]
V  [jvm.dll+0x644b4a]
V  [jvm.dll+0x639795]
V  [jvm.dll+0x2f66f9]
V  [jvm.dll+0x2fd516]
V  [jvm.dll+0x34999a]
V  [jvm.dll+0x349bdf]
V  [jvm.dll+0x2cc918]
V  [jvm.dll+0x2cdb49]
V  [jvm.dll+0x7c4431]
V  [jvm.dll+0x356ee1]
V  [jvm.dll+0x7a30b0]
V  [jvm.dll+0x3d4c55]
V  [jvm.dll+0x3d69f1]
C  [jli.dll+0x5243]
C  [ucrtbase.dll+0x21bb2]
C  [KERNEL32.DLL+0x17034]
C  [ntdll.dll+0x52651]


---------------  P R O C E S S  ---------------

Threads class SMR info:
_java_thread_list=0x00007fff039273d8, length=0, elements={
}

Java Threads: ( => current thread )

Other Threads:
  0x000001e719de8ec0 GCTaskThread "GC Thread#0" [stack: 0x0000003b13800000,0x0000003b13900000] [id=14456]
  0x000001e719df6ca0 ConcurrentGCThread "G1 Main Marker" [stack: 0x0000003b13900000,0x0000003b13a00000] [id=16108]
  0x000001e719df7fe0 ConcurrentGCThread "G1 Conc#0" [stack: 0x0000003b13a00000,0x0000003b13b00000] [id=3160]

[error occurred during error reporting (printing all threads), id 0xc0000005, EXCEPTION_ACCESS_VIOLATION (0xc0000005) at pc=0x00007fff0309e207]

VM state: not at safepoint (not fully initialized)

VM Mutex/Monitor currently owned by a thread:  ([mutex/lock_event])
[0x000001e719da5880] Heap_lock - owner thread: 0x000001e719da88b0

Heap address: 0x0000000082200000, size: 2014 MB, Compressed Oops mode: 32-bit

CDS archive(s) mapped at: [0x0000000000000000-0x0000000000000000-0x0000000000000000), size 0, SharedBaseAddress: 0x0000000800000000, ArchiveRelocationMode: 0.
Narrow klass base: 0x0000000000000000, Narrow klass shift: 0, Narrow klass range: 0x0

GC Precious Log:
<Empty>

Heap:
 garbage-first heap   total 0K, used 0K [0x0000000082200000, 0x0000000100000000)
  region size 1024K, 0 young (0K), 0 survivors (0K)

[error occurred during error reporting (printing heap information), id 0xc0000005, EXCEPTION_ACCESS_VIOLATION (0xc0000005) at pc=0x00007fff0345ff7d]

GC Heap History (0 events):
No events

Deoptimization events (0 events):
No events

Classes unloaded (0 events):
No events

Classes redefined (0 events):
No events

Internal exceptions (0 events):
No events

Events (1 events):
Event: 0.008 Loaded shared library C:\Users\usuario\.jdks\corretto-16.0.2\bin\java.dll


Dynamic libraries:
0x00007ff79df90000 - 0x00007ff79df9d000 	C:\Users\usuario\.jdks\corretto-16.0.2\bin\java.exe
0x00007fff47130000 - 0x00007fff47325000 	C:\Windows\SYSTEM32\ntdll.dll
0x00007fff46eb0000 - 0x00007fff46f6e000 	C:\Windows\System32\KERNEL32.DLL
0x00007fff44e50000 - 0x00007fff45118000 	C:\Windows\System32\KERNELBASE.dll
0x00007fff44b30000 - 0x00007fff44c30000 	C:\Windows\System32\ucrtbase.dll
0x00007fff2d650000 - 0x00007fff2d668000 	C:\Users\usuario\.jdks\corretto-16.0.2\bin\jli.dll
0x00007fff2b510000 - 0x00007fff2b525000 	C:\Users\usuario\.jdks\corretto-16.0.2\bin\VCRUNTIME140.dll
0x00007fff46b60000 - 0x00007fff46d00000 	C:\Windows\System32\USER32.dll
0x00007fff44c30000 - 0x00007fff44c52000 	C:\Windows\System32\win32u.dll
0x00007fff2fdb0000 - 0x00007fff3004a000 	C:\Windows\WinSxS\amd64_microsoft.windows.common-controls_6595b64144ccf1df_6.0.19041.1110_none_60b5254171f9507e\COMCTL32.dll
0x00007fff458b0000 - 0x00007fff458da000 	C:\Windows\System32\GDI32.dll
0x00007fff46a60000 - 0x00007fff46afe000 	C:\Windows\System32\msvcrt.dll
0x00007fff44850000 - 0x00007fff4495b000 	C:\Windows\System32\gdi32full.dll
0x00007fff44a60000 - 0x00007fff44afd000 	C:\Windows\System32\msvcp_win.dll
0x00007fff46d00000 - 0x00007fff46d30000 	C:\Windows\System32\IMM32.DLL
0x00007fff06ba0000 - 0x00007fff06c3b000 	C:\Users\usuario\.jdks\corretto-16.0.2\bin\msvcp140.dll
0x00007fff02dc0000 - 0x00007fff039c9000 	C:\Users\usuario\.jdks\corretto-16.0.2\bin\server\jvm.dll
0x00007fff45eb0000 - 0x00007fff45f5e000 	C:\Windows\System32\ADVAPI32.dll
0x00007fff46190000 - 0x00007fff4622c000 	C:\Windows\System32\sechost.dll
0x00007fff45780000 - 0x00007fff458a5000 	C:\Windows\System32\RPCRT4.dll
0x00007fff45190000 - 0x00007fff45198000 	C:\Windows\System32\PSAPI.DLL
0x00007fff2cb70000 - 0x00007fff2cb79000 	C:\Windows\SYSTEM32\WSOCK32.dll
0x00007fff2f940000 - 0x00007fff2f967000 	C:\Windows\SYSTEM32\WINMM.dll
0x00007fff45f70000 - 0x00007fff45fdb000 	C:\Windows\System32\WS2_32.dll
0x00007fff3b7d0000 - 0x00007fff3b7da000 	C:\Windows\SYSTEM32\VERSION.dll
0x00007fff43150000 - 0x00007fff43162000 	C:\Windows\SYSTEM32\kernel.appcore.dll
0x00007fff359e0000 - 0x00007fff359ea000 	C:\Users\usuario\.jdks\corretto-16.0.2\bin\jimage.dll
0x00007fff3f620000 - 0x00007fff3f804000 	C:\Windows\SYSTEM32\DBGHELP.DLL
0x00007fff3cb80000 - 0x00007fff3cbac000 	C:\Windows\SYSTEM32\dbgcore.DLL
0x00007fff44dc0000 - 0x00007fff44e42000 	C:\Windows\System32\bcryptPrimitives.dll
0x00007fff3c230000 - 0x00007fff3c23e000 	C:\Users\usuario\.jdks\corretto-16.0.2\bin\instrument.dll
0x00007fff0c490000 - 0x00007fff0c4b5000 	C:\Users\usuario\.jdks\corretto-16.0.2\bin\java.dll

dbghelp: loaded successfully - version: 4.0.5 - missing functions: none
symbol engine: initialized successfully - sym options: 0x614 - pdb path: .;C:\Users\usuario\.jdks\corretto-16.0.2\bin;C:\Windows\SYSTEM32;C:\Windows\WinSxS\amd64_microsoft.windows.common-controls_6595b64144ccf1df_6.0.19041.1110_none_60b5254171f9507e;C:\Users\usuario\.jdks\corretto-16.0.2\bin\server

VM Arguments:
jvm_args: -javaagent:C:\Program Files\JetBrains\IntelliJ IDEA Community Edition 2022.1.1\lib\idea_rt.jar=58100:C:\Program Files\JetBrains\IntelliJ IDEA Community Edition 2022.1.1\bin -Dfile.encoding=UTF-8 
java_command: CalculadoraSomaKt
java_class_path (initial): C:\Users\usuario\IdeaProjects\Exercícios Gen TM3\Funções\build\classes\kotlin\main;C:\Users\usuario\.gradle\caches\modules-2\files-2.1\org.jetbrains.kotlin\kotlin-stdlib-jdk8\1.6.21\eeb4d60d75e9ea9c11200d52974e522793b14fba\kotlin-stdlib-jdk8-1.6.21.jar;C:\Users\usuario\.gradle\caches\modules-2\files-2.1\org.jetbrains.kotlin\kotlin-stdlib-jdk7\1.6.21\568c1b78a8e17a4f35b31f0a74e2916095ed74c2\kotlin-stdlib-jdk7-1.6.21.jar;C:\Users\usuario\.gradle\caches\modules-2\files-2.1\org.jetbrains.kotlin\kotlin-stdlib\1.6.21\11ef67f1900634fd951bad28c53ec957fabbe5b8\kotlin-stdlib-1.6.21.jar;C:\Users\usuario\.gradle\caches\modules-2\files-2.1\org.jetbrains.kotlin\kotlin-stdlib-common\1.6.21\5e5b55c26dbc80372a920aef60eb774b714559b8\kotlin-stdlib-common-1.6.21.jar;C:\Users\usuario\.gradle\caches\modules-2\files-2.1\org.jetbrains\annotations\13.0\919f0dfe192fb4e063e7dacadee7f8bb9a2672a9\annotations-13.0.jar
Launcher Type: SUN_STANDARD

[Global flags]
     intx CICompilerCount                          = 4                                         {product} {ergonomic}
     uint ConcGCThreads                            = 2                                         {product} {ergonomic}
     uint G1ConcRefinementThreads                  = 8                                         {product} {ergonomic}
   size_t G1HeapRegionSize                         = 1048576                                   {product} {ergonomic}
    uintx GCDrainStackTargetSize                   = 64                                        {product} {ergonomic}
   size_t InitialHeapSize                          = 132120576                                 {product} {ergonomic}
   size_t MarkStackSize                            = 4194304                                   {product} {ergonomic}
   size_t MaxHeapSize                              = 2111832064                                {product} {ergonomic}
   size_t MinHeapDeltaBytes                        = 1048576                                   {product} {ergonomic}
   size_t MinHeapSize                              = 8388608                                   {product} {ergonomic}
    uintx NonNMethodCodeHeapSize                   = 5839372                                {pd product} {ergonomic}
    uintx NonProfiledCodeHeapSize                  = 122909434                              {pd product} {ergonomic}
    uintx ProfiledCodeHeapSize                     = 122909434                              {pd product} {ergonomic}
    uintx ReservedCodeCacheSize                    = 251658240                              {pd product} {ergonomic}
     bool SegmentedCodeCache                       = true                                      {product} {ergonomic}
   size_t SoftMaxHeapSize                          = 2111832064                             {manageable} {ergonomic}
     bool UseCompressedClassPointers               = true                           {product lp64_product} {ergonomic}
     bool UseCompressedOops                        = true                           {product lp64_product} {ergonomic}
     bool UseG1GC                                  = true                                      {product} {ergonomic}
     bool UseLargePagesIndividualAllocation        = false                                  {pd product} {ergonomic}

Logging:
Log output configuration:
 #0: stdout all=warning uptime,level,tags
 #1: stderr all=off uptime,level,tags

Environment Variables:
PATH=C:\Program Files\Common Files\Oracle\Java\javapath;C:\Windows\system32;C:\Windows;C:\Windows\System32\Wbem;C:\Windows\System32\WindowsPowerShell\v1.0\;C:\Windows\System32\OpenSSH\;C:\Program Files (x86)\Intel\Intel(R) Management Engine Components\DAL;C:\Program Files\Intel\Intel(R) Management Engine Components\DAL;C:\ProgramData\UNIVALI\Portugol Studio;C:\Program Files\nodejs\;C:\Program Files\Git\cmd;C:\Users\usuario\AppData\Local\Microsoft\WindowsApps;C:\Users\usuario\AppData\Local\GitHubDesktop\bin;C:\Users\usuario\AppData\Local\Programs\Microsoft VS Code\bin;C:\Users\usuario\AppData\Roaming\npm;C:\Program Files\JetBrains\IntelliJ IDEA Community Edition 2022.1.1\bin;
USERNAME=usuario
OS=Windows_NT
PROCESSOR_IDENTIFIER=Intel64 Family 6 Model 142 Stepping 10, GenuineIntel



---------------  S Y S T E M  ---------------

OS:
 Windows 10 , 64 bit Build 19041 (10.0.19041.1645)
OS uptime: 5 days 12:39 hours

CPU: total 8 (initial active 8) (4 cores per cpu, 2 threads per core) family 6 model 142 stepping 10 microcode 0xe0, cx8, cmov, fxsr, ht, mmx, 3dnowpref, sse, sse2, sse3, ssse3, sse4.1, sse4.2, popcnt, lzcnt, tsc, tscinvbit, avx, avx2, aes, erms, clmul, bmi1, bmi2, adx, fma, vzeroupper, clflush, clflushopt

Memory: 4k page, system-wide physical 8050M (471M free)
TotalPageFile size 12146M (AvailPageFile size 113M)
current process WorkingSet (physical memory assigned to process): 10M, peak: 10M
current process commit charge ("private bytes"): 60M, peak: 186M

vm_info: OpenJDK 64-Bit Server VM (16.0.2+7) for windows-amd64 JRE (16.0.2+7), built on Jul 22 2021 01:11:46 by "Administrator" with MS VC++ 15.9 (VS2017)

END.
